2025-09-25 00:06:50 [32minfo[39m: [32mGET /[39m
2025-09-25 00:06:50 [35mhttp[39m: [35mGET / 200 - 11ms[39m
2025-09-25 00:06:51 [32minfo[39m: [32mGET /favicon.ico[39m
2025-09-25 00:06:51 [35mhttp[39m: [35mGET /favicon.ico 404 - 4ms[39m
2025-09-25 00:08:38 [32minfo[39m: [32mPOST /api/auth/signup[39m
2025-09-25 00:08:38 [35mhttp[39m: [35mPOST /signup 201 - 342ms[39m
2025-09-25 00:08:38 [32minfo[39m: [32mPOST /api/hotels[39m
2025-09-25 00:08:41 [35mhttp[39m: [35mPOST / 500 - 3060ms[39m
2025-09-25 00:08:59 [32minfo[39m: [32mPOST /api/auth/signup[39m
2025-09-25 00:08:59 [35mhttp[39m: [35mPOST /signup 400 - 125ms[39m
2025-09-25 00:09:04 [32minfo[39m: [32mPOST /api/auth/signup[39m
2025-09-25 00:09:05 [35mhttp[39m: [35mPOST /signup 201 - 304ms[39m
2025-09-25 00:09:05 [32minfo[39m: [32mPOST /api/hotels[39m
2025-09-25 00:09:07 [35mhttp[39m: [35mPOST / 500 - 1968ms[39m
2025-09-25 00:14:48 [32minfo[39m: [32mPOST /api/auth/signup[39m
2025-09-25 00:14:51 [35mhttp[39m: [35mPOST /signup 400 - 2823ms[39m
2025-09-25 00:14:56 [32minfo[39m: [32mPOST /api/auth/signup[39m
2025-09-25 00:14:57 [35mhttp[39m: [35mPOST /signup 201 - 281ms[39m
2025-09-25 00:14:57 [32minfo[39m: [32mPOST /api/hotels[39m
2025-09-25 00:14:58 [35mhttp[39m: [35mPOST / 500 - 1621ms[39m
2025-09-25 00:16:03 [32minfo[39m: [32mPOST /api/auth/signup[39m
2025-09-25 00:16:03 [35mhttp[39m: [35mPOST /signup 201 - 306ms[39m
2025-09-25 00:16:03 [32minfo[39m: [32mPOST /api/hotels[39m
2025-09-25 00:16:07 [35mhttp[39m: [35mPOST / 500 - 3660ms[39m
2025-09-25 00:18:38 [32minfo[39m: [32mPOST /api/auth/signup[39m
2025-09-25 00:18:38 [35mhttp[39m: [35mPOST /signup 400 - 144ms[39m
2025-09-25 00:18:45 [32minfo[39m: [32mPOST /api/auth/signup[39m
2025-09-25 00:18:45 [35mhttp[39m: [35mPOST /signup 201 - 280ms[39m
2025-09-25 00:18:45 [32minfo[39m: [32mPOST /api/hotels[39m
2025-09-25 00:18:48 [35mhttp[39m: [35mPOST / 500 - 3006ms[39m
2025-09-25 00:19:57 [32minfo[39m: [32mPOST /api/auth/signup[39m
2025-09-25 00:19:57 [35mhttp[39m: [35mPOST /signup 201 - 336ms[39m
2025-09-25 00:19:57 [32minfo[39m: [32mPOST /api/hotels[39m
2025-09-25 00:20:01 [35mhttp[39m: [35mPOST / 500 - 4277ms[39m
2025-09-25 08:53:43 [32minfo[39m: [32mGET /api/hotels/city/Mumbai[39m
2025-09-25 08:53:43 [35mhttp[39m: [35mGET /city/Mumbai 200 - 80ms[39m
2025-09-25 08:53:43 [32minfo[39m: [32mGET /api/hotels/city/Mumbai[39m
2025-09-25 08:53:43 [35mhttp[39m: [35mGET /city/Mumbai 304 - 68ms[39m
2025-09-25 08:57:43 [32minfo[39m: [32mPOST /api/auth/signup[39m
2025-09-25 08:58:03 [32minfo[39m: [32mPOST /api/auth/signup[39m
2025-09-25 08:58:16 [32minfo[39m: [32mPOST /api/auth/signup[39m
2025-09-25 08:59:42 [32minfo[39m: [32mPOST /api/auth/signup[39m
2025-09-25 08:59:50 [32minfo[39m: [32mPOST /api/auth/signup[39m
2025-09-25 08:59:50 [32minfo[39m: [32mPOST /api/hotels[39m
2025-09-25 09:00:11 [32minfo[39m: [32mGET /api/hotels/city/Mumbai[39m
2025-09-25 09:00:11 [32minfo[39m: [32mGET /api/hotels/city/Mumbai[39m
2025-09-25 09:00:21 [32minfo[39m: [32mGET /api/hotels/city/Delhi[39m
2025-09-25 09:00:21 [32minfo[39m: [32mGET /api/hotels/city/Delhi[39m
2025-09-25 09:01:57 [32minfo[39m: [32mPOST /api/auth/signup[39m
2025-09-25 09:01:57 [32minfo[39m: [32mPOST /api/hotels[39m
2025-09-25 09:02:20 [32minfo[39m: [32mGET /api/hotels/city/Mumbai[39m
2025-09-25 09:02:20 [32minfo[39m: [32mGET /api/hotels/city/Mumbai[39m
2025-09-25 09:02:22 [32minfo[39m: [32mGET /api/tables/hotel/68d4b7b4d2009c3a5321d3cb[39m
2025-09-25 09:02:22 [32minfo[39m: [32mGET /api/hotels/68d4b7b4d2009c3a5321d3cb[39m
2025-09-25 09:02:22 [32minfo[39m: [32mGET /api/hotels/68d4b7b4d2009c3a5321d3cb[39m
2025-09-25 09:02:22 [32minfo[39m: [32mGET /api/tables/hotel/68d4b7b4d2009c3a5321d3cb[39m
2025-09-25 13:35:47 [32minfo[39m: [32mGET /api/hotels/city/Mumbai[39m
2025-09-25 13:35:47 [32minfo[39m: [32mGET /api/hotels/city/Mumbai[39m
2025-09-25 14:11:07 [32minfo[39m: [32mGET /api/hotels/city/Mumbai[39m
2025-09-25 14:11:07 [32minfo[39m: [32mGET /api/hotels/city/Mumbai[39m
