2025-09-15 18:52:33 [32minfo[39m: [32mGET /api/hotels/city/Mumbai[39m
2025-09-15 18:52:34 [32minfo[39m: [32mGET /api/hotels/city/Mumbai[39m
2025-09-15 18:52:35 [32minfo[39m: [32mGET /api/tables/hotel/68c0eec450606c71b3c4c79a[39m
2025-09-15 18:52:35 [32minfo[39m: [32mGET /api/tables/hotel/68c0eec450606c71b3c4c79a[39m
2025-09-15 18:55:35 [32minfo[39m: [32mGET /api/hotels/city/Mumbai[39m
2025-09-15 18:55:35 [32minfo[39m: [32mGET /api/hotels/city/Mumbai[39m
2025-09-15 18:55:36 [32minfo[39m: [32mGET /api/tables/hotel/68c0eec450606c71b3c4c79a[39m
2025-09-15 18:55:37 [32minfo[39m: [32mGET /api/tables/hotel/68c0eec450606c71b3c4c79a[39m
2025-09-15 18:57:09 [32minfo[39m: [32mPOST /api/auth/signup[39m
2025-09-15 18:57:10 [32minfo[39m: [32mPOST /api/hotels[39m
2025-09-15 18:57:22 [32minfo[39m: [32mGET /api/hotels/city/Mumbai[39m
2025-09-15 18:57:22 [32minfo[39m: [32mGET /api/hotels/city/Mumbai[39m
2025-09-15 18:57:24 [32minfo[39m: [32mGET /api/tables/hotel/68c81433c0aa3ddca2cc7aae[39m
2025-09-15 18:57:25 [32minfo[39m: [32mGET /api/tables/hotel/68c81433c0aa3ddca2cc7aae[39m
2025-09-15 18:58:50 [32minfo[39m: [32mGET /api/hotels/68c81433c0aa3ddca2cc7aae[39m
2025-09-15 18:58:50 [32minfo[39m: [32mGET /api/tables/hotel/68c81433c0aa3ddca2cc7aae[39m
2025-09-15 18:59:03 [32minfo[39m: [32mGET /api/hotels/city/Mumbai[39m
2025-09-15 18:59:03 [32minfo[39m: [32mGET /api/hotels/city/Mumbai[39m
2025-09-15 18:59:04 [32minfo[39m: [32mGET /api/tables/hotel/68c81433c0aa3ddca2cc7aae[39m
2025-09-15 18:59:04 [32minfo[39m: [32mGET /api/hotels/68c81433c0aa3ddca2cc7aae[39m
2025-09-15 18:59:05 [32minfo[39m: [32mGET /api/hotels/68c81433c0aa3ddca2cc7aae[39m
2025-09-15 18:59:05 [32minfo[39m: [32mGET /api/tables/hotel/68c81433c0aa3ddca2cc7aae[39m
2025-09-15 19:30:53 [32minfo[39m: [32mGET /api/hotels/city/Mumbai[39m
2025-09-15 19:30:54 [32minfo[39m: [32mGET /api/hotels/city/Mumbai[39m
2025-09-15 19:30:56 [32minfo[39m: [32mGET /api/hotels/68c81433c0aa3ddca2cc7aae[39m
2025-09-15 19:30:56 [32minfo[39m: [32mGET /api/tables/hotel/68c81433c0aa3ddca2cc7aae[39m
2025-09-15 19:30:56 [32minfo[39m: [32mGET /api/hotels/68c81433c0aa3ddca2cc7aae[39m
2025-09-15 19:30:57 [32minfo[39m: [32mGET /api/tables/hotel/68c81433c0aa3ddca2cc7aae[39m
2025-09-15 19:35:49 [32minfo[39m: [32mPOST /api/auth/signup[39m
2025-09-15 19:35:49 [32minfo[39m: [32mPOST /api/hotels[39m
2025-09-15 19:36:06 [32minfo[39m: [32mGET /api/hotels/city/Mumbai[39m
2025-09-15 19:36:06 [32minfo[39m: [32mGET /api/hotels/city/Mumbai[39m
2025-09-15 19:36:07 [32minfo[39m: [32mGET /api/tables/hotel/68c81d419f1b504df6944fab[39m
2025-09-15 19:36:07 [32minfo[39m: [32mGET /api/hotels/68c81d419f1b504df6944fab[39m
2025-09-15 19:36:08 [32minfo[39m: [32mGET /api/hotels/68c81d419f1b504df6944fab[39m
2025-09-15 19:36:08 [32minfo[39m: [32mGET /api/tables/hotel/68c81d419f1b504df6944fab[39m
2025-09-15 19:39:46 [32minfo[39m: [32mGET /api/hotels/city/Mumbai[39m
2025-09-15 19:39:46 [32minfo[39m: [32mGET /api/hotels/city/Mumbai[39m
2025-09-15 19:39:48 [32minfo[39m: [32mGET /api/tables/hotel/68c81d419f1b504df6944fab[39m
2025-09-15 19:39:48 [32minfo[39m: [32mGET /api/hotels/68c81d419f1b504df6944fab[39m
2025-09-15 19:39:48 [32minfo[39m: [32mGET /api/hotels/68c81d419f1b504df6944fab[39m
2025-09-15 19:39:48 [32minfo[39m: [32mGET /api/tables/hotel/68c81d419f1b504df6944fab[39m
2025-09-15 19:40:54 [32minfo[39m: [32mGET /api/hotels/city/Mumbai[39m
2025-09-15 19:40:54 [32minfo[39m: [32mGET /api/hotels/city/Mumbai[39m
2025-09-15 19:44:07 [32minfo[39m: [32mPOST /api/auth/signup[39m
2025-09-15 19:44:07 [32minfo[39m: [32mPOST /api/hotels[39m
2025-09-15 19:44:17 [32minfo[39m: [32mGET /api/hotels/city/Mumbai[39m
2025-09-15 19:44:17 [32minfo[39m: [32mGET /api/hotels/city/Mumbai[39m
2025-09-15 19:44:21 [32minfo[39m: [32mGET /api/hotels/city/Delhi[39m
2025-09-15 19:44:21 [32minfo[39m: [32mGET /api/hotels/city/Delhi[39m
2025-09-15 19:44:23 [32minfo[39m: [32mGET /api/tables/hotel/68c66dd964704e1506010987[39m
2025-09-15 19:44:23 [32minfo[39m: [32mGET /api/hotels/68c66dd964704e1506010987[39m
2025-09-15 19:44:23 [32minfo[39m: [32mGET /api/hotels/68c66dd964704e1506010987[39m
2025-09-15 19:44:23 [32minfo[39m: [32mGET /api/tables/hotel/68c66dd964704e1506010987[39m
2025-09-15 19:58:14 [32minfo[39m: [32mGET /api/hotels/city/Mumbai[39m
2025-09-15 19:58:14 [32minfo[39m: [32mGET /api/hotels/city/Mumbai[39m
2025-09-15 19:58:15 [32minfo[39m: [32mGET /api/tables/hotel/68c81d419f1b504df6944fab[39m
2025-09-15 19:58:15 [32minfo[39m: [32mGET /api/hotels/68c81d419f1b504df6944fab[39m
2025-09-15 19:58:16 [32minfo[39m: [32mGET /api/hotels/68c81d419f1b504df6944fab[39m
2025-09-15 19:58:16 [32minfo[39m: [32mGET /api/tables/hotel/68c81d419f1b504df6944fab[39m
2025-09-15 20:12:51 [32minfo[39m: [32mGET /api/hotels/city/Mumbai[39m
2025-09-15 20:12:51 [32minfo[39m: [32mGET /api/hotels/city/Mumbai[39m
2025-09-15 20:12:53 [32minfo[39m: [32mGET /api/tables/hotel/68c0eec450606c71b3c4c79a[39m
2025-09-15 20:12:53 [32minfo[39m: [32mGET /api/tables/hotel/68c0eec450606c71b3c4c79a[39m
2025-09-15 20:14:22 [32minfo[39m: [32mGET /api/hotels/city/Mumbai[39m
2025-09-15 20:14:22 [32minfo[39m: [32mGET /api/hotels/city/Mumbai[39m
2025-09-15 20:14:23 [32minfo[39m: [32mGET /api/tables/hotel/68c81433c0aa3ddca2cc7aae[39m
2025-09-15 20:14:24 [32minfo[39m: [32mGET /api/tables/hotel/68c81433c0aa3ddca2cc7aae[39m
2025-09-15 20:15:15 [32minfo[39m: [32mGET /api/hotels/city/Mumbai[39m
2025-09-15 20:15:15 [32minfo[39m: [32mGET /api/hotels/city/Mumbai[39m
2025-09-15 20:15:17 [32minfo[39m: [32mGET /api/tables/hotel/68c81433c0aa3ddca2cc7aae[39m
2025-09-15 20:15:17 [32minfo[39m: [32mGET /api/tables/hotel/68c81433c0aa3ddca2cc7aae[39m
2025-09-15 20:25:47 [32minfo[39m: [32mPOST /api/auth/signup[39m
2025-09-15 20:25:47 [32minfo[39m: [32mPOST /api/hotels[39m
2025-09-15 20:26:03 [32minfo[39m: [32mGET /api/hotels/city/Mumbai[39m
2025-09-15 20:26:03 [32minfo[39m: [32mGET /api/hotels/city/Mumbai[39m
2025-09-15 20:26:09 [32minfo[39m: [32mGET /api/hotels/city/Delhi[39m
2025-09-15 20:26:09 [32minfo[39m: [32mGET /api/hotels/city/Delhi[39m
2025-09-15 20:26:13 [32minfo[39m: [32mGET /api/hotels/city/Bangalore[39m
2025-09-15 20:26:13 [32minfo[39m: [32mGET /api/hotels/city/Bangalore[39m
2025-09-15 20:26:18 [32minfo[39m: [32mGET /api/hotels/city/Kolkata[39m
2025-09-15 20:26:18 [32minfo[39m: [32mGET /api/hotels/city/Kolkata[39m
2025-09-15 20:26:22 [32minfo[39m: [32mGET /api/hotels/city/Hyderabad[39m
2025-09-15 20:26:22 [32minfo[39m: [32mGET /api/hotels/city/Hyderabad[39m
2025-09-15 20:27:35 [32minfo[39m: [32mPOST /api/auth/signup[39m
2025-09-15 20:27:36 [32minfo[39m: [32mPOST /api/hotels[39m
2025-09-15 20:27:42 [32minfo[39m: [32mGET /api/hotels/city/Mumbai[39m
2025-09-15 20:27:43 [32minfo[39m: [32mGET /api/hotels/city/Mumbai[39m
2025-09-15 20:27:45 [32minfo[39m: [32mGET /api/tables/hotel/68c829626e6bacc3e609b522[39m
2025-09-15 20:27:46 [32minfo[39m: [32mGET /api/tables/hotel/68c829626e6bacc3e609b522[39m
2025-09-15 20:30:42 [32minfo[39m: [32mGET /api/hotels/city/Mumbai[39m
2025-09-15 20:30:42 [32minfo[39m: [32mGET /api/hotels/city/Mumbai[39m
2025-09-15 20:30:44 [32minfo[39m: [32mGET /api/tables/hotel/68c829626e6bacc3e609b522[39m
2025-09-15 20:30:44 [32minfo[39m: [32mGET /api/tables/hotel/68c829626e6bacc3e609b522[39m
2025-09-15 20:32:40 [32minfo[39m: [32mPOST /api/auth/signup[39m
2025-09-15 20:32:40 [32minfo[39m: [32mPOST /api/hotels[39m
2025-09-15 20:32:59 [32minfo[39m: [32mGET /api/hotels/city/Mumbai[39m
2025-09-15 20:32:59 [32minfo[39m: [32mGET /api/hotels/city/Mumbai[39m
2025-09-15 20:33:01 [32minfo[39m: [32mGET /api/tables/hotel/68c82a9b4c186f116bea6a3c[39m
2025-09-15 20:33:01 [32minfo[39m: [32mGET /api/tables/hotel/68c82a9b4c186f116bea6a3c[39m
2025-09-15 20:39:49 [32minfo[39m: [32mGET /api/hotels/city/Mumbai[39m
2025-09-15 20:39:49 [32minfo[39m: [32mGET /api/hotels/city/Mumbai[39m
2025-09-15 20:39:51 [32minfo[39m: [32mGET /api/tables/hotel/68c82a9b4c186f116bea6a3c[39m
2025-09-15 20:39:51 [32minfo[39m: [32mGET /api/tables/hotel/68c82a9b4c186f116bea6a3c[39m
2025-09-15 20:41:12 [32minfo[39m: [32mGET /api/hotels/68c82a9b4c186f116bea6a3c[39m
2025-09-15 20:41:12 [32minfo[39m: [32mGET /api/tables/hotel/68c82a9b4c186f116bea6a3c[39m
2025-09-15 20:41:13 [32minfo[39m: [32mGET /api/tables/hotel/68c82a9b4c186f116bea6a3c[39m
2025-09-15 20:41:14 [32minfo[39m: [32mGET /api/tables/hotel/68c82a9b4c186f116bea6a3c[39m
2025-09-15 20:41:14 [32minfo[39m: [32mGET /api/hotels/68c82a9b4c186f116bea6a3c[39m
2025-09-15 20:41:19 [32minfo[39m: [32mGET /api/hotels/city/Mumbai[39m
2025-09-15 20:41:19 [32minfo[39m: [32mGET /api/hotels/city/Mumbai[39m
2025-09-15 20:41:21 [32minfo[39m: [32mGET /api/hotels/68c0eec450606c71b3c4c79a[39m
2025-09-15 20:41:21 [32minfo[39m: [32mGET /api/tables/hotel/68c0eec450606c71b3c4c79a[39m
2025-09-15 20:41:21 [32minfo[39m: [32mGET /api/hotels/68c0eec450606c71b3c4c79a[39m
2025-09-15 20:41:21 [32minfo[39m: [32mGET /api/tables/hotel/68c0eec450606c71b3c4c79a[39m
2025-09-15 20:42:34 [32minfo[39m: [32mGET /api/hotels/city/Mumbai[39m
2025-09-15 20:42:34 [32minfo[39m: [32mGET /api/hotels/city/Mumbai[39m
2025-09-15 20:42:35 [32minfo[39m: [32mGET /api/tables/hotel/68c0eec450606c71b3c4c79a[39m
2025-09-15 20:42:35 [32minfo[39m: [32mGET /api/hotels/68c0eec450606c71b3c4c79a[39m
2025-09-15 20:42:36 [32minfo[39m: [32mGET /api/hotels/68c0eec450606c71b3c4c79a[39m
2025-09-15 20:42:36 [32minfo[39m: [32mGET /api/tables/hotel/68c0eec450606c71b3c4c79a[39m
2025-09-15 20:43:47 [32minfo[39m: [32mGET /api/hotels/city/Mumbai[39m
2025-09-15 20:43:47 [32minfo[39m: [32mGET /api/hotels/city/Mumbai[39m
2025-09-15 20:43:48 [32minfo[39m: [32mGET /api/tables/hotel/68c0eec450606c71b3c4c79a[39m
2025-09-15 20:43:48 [32minfo[39m: [32mGET /api/hotels/68c0eec450606c71b3c4c79a[39m
2025-09-15 20:43:48 [32minfo[39m: [32mGET /api/hotels/68c0eec450606c71b3c4c79a[39m
2025-09-15 20:43:49 [32minfo[39m: [32mGET /api/tables/hotel/68c0eec450606c71b3c4c79a[39m
2025-09-15 20:46:03 [32minfo[39m: [32mPOST /api/auth/signup[39m
2025-09-15 20:46:07 [32minfo[39m: [32mPOST /api/auth/signup[39m
2025-09-15 20:48:04 [32minfo[39m: [32mPOST /api/auth/signup[39m
2025-09-15 20:48:11 [32minfo[39m: [32mPOST /api/auth/signup[39m
2025-09-15 20:48:11 [32minfo[39m: [32mPOST /api/hotels[39m
2025-09-15 20:49:04 [32minfo[39m: [32mGET /api/hotels/city/Mumbai[39m
2025-09-15 20:49:04 [32minfo[39m: [32mGET /api/hotels/city/Mumbai[39m
2025-09-15 20:49:06 [32minfo[39m: [32mGET /api/tables/hotel/68c82e3a4024c5b9644dd13c[39m
2025-09-15 20:49:06 [32minfo[39m: [32mGET /api/hotels/68c82e3a4024c5b9644dd13c[39m
2025-09-15 20:49:06 [32minfo[39m: [32mGET /api/hotels/68c82e3a4024c5b9644dd13c[39m
2025-09-15 20:49:06 [32minfo[39m: [32mGET /api/tables/hotel/68c82e3a4024c5b9644dd13c[39m
